
!ENTRY org.eclipse.osgi 4 0 2021-02-27 19:39:32.858
!MESSAGE Application error
!STACK 1
org.eclipse.swt.SWTError: No more handles
	at org.eclipse.swt.SWT.error(SWT.java:4621)
	at org.eclipse.swt.SWT.error(SWT.java:4510)
	at org.eclipse.swt.SWT.error(SWT.java:4481)
	at org.eclipse.swt.widgets.Widget.error(Widget.java:451)
	at org.eclipse.swt.widgets.Control.createHandle(Control.java:721)
	at org.eclipse.swt.widgets.Composite.createHandle(Composite.java:295)
	at org.eclipse.swt.widgets.Decorations.createHandle(Decorations.java:378)
	at org.eclipse.swt.widgets.Shell.createHandle(Shell.java:595)
	at org.eclipse.swt.widgets.Control.createWidget(Control.java:761)
	at org.eclipse.swt.widgets.Scrollable.createWidget(Scrollable.java:154)
	at org.eclipse.swt.widgets.Decorations.createWidget(Decorations.java:387)
	at org.eclipse.swt.widgets.Shell.<init>(Shell.java:302)
	at org.eclipse.swt.widgets.Shell.<init>(Shell.java:381)
	at org.eclipse.jface.window.Window.createShell(Window.java:485)
	at org.eclipse.jface.window.Window.create(Window.java:428)
	at org.eclipse.jface.dialogs.Dialog.create(Dialog.java:1099)
	at org.eclipse.jface.window.Window.open(Window.java:786)
	at org.eclipse.ui.internal.ide.application.IDEApplication.checkInstanceLocation(IDEApplication.java:329)
	at org.eclipse.ui.internal.ide.application.IDEApplication.start(IDEApplication.java:145)
	at org.eclipse.equinox.internal.app.EclipseAppHandle.run(EclipseAppHandle.java:199)
	at org.eclipse.core.runtime.internal.adaptor.EclipseAppLauncher.runApplication(EclipseAppLauncher.java:137)
	at org.eclipse.core.runtime.internal.adaptor.EclipseAppLauncher.start(EclipseAppLauncher.java:107)
	at org.eclipse.core.runtime.adaptor.EclipseStarter.run(EclipseStarter.java:391)
	at org.eclipse.core.runtime.adaptor.EclipseStarter.run(EclipseStarter.java:246)
	at java.base/jdk.internal.reflect.NativeMethodAccessorImpl.invoke0(Native Method)
	at java.base/jdk.internal.reflect.NativeMethodAccessorImpl.invoke(NativeMethodAccessorImpl.java:62)
	at java.base/jdk.internal.reflect.DelegatingMethodAccessorImpl.invoke(DelegatingMethodAccessorImpl.java:43)
	at java.base/java.lang.reflect.Method.invoke(Method.java:567)
	at org.eclipse.equinox.launcher.Main.invokeFramework(Main.java:659)
	at org.eclipse.equinox.launcher.Main.basicRun(Main.java:595)
	at org.eclipse.equinox.launcher.Main.run(Main.java:1501)
