!SESSION 2021-02-27 19:38:13.509 -----------------------------------------------
eclipse.buildId=4.9.0.I20180906-0745
java.version=13.0.2
java.vendor=Oracle Corporation
BootLoader constants: OS=win32, ARCH=x86_64, WS=win32, NL=en_IN
Framework arguments:  -product org.eclipse.epp.package.reporting.product
Command-line arguments:  -os win32 -ws win32 -arch x86_64 -product org.eclipse.epp.package.reporting.product

!ENTRY org.eclipse.jpt.dbws.eclipselink.core.gen 4 0 2021-02-27 19:38:52.425
!MESSAGE FrameworkEvent ERROR
!STACK 0
org.osgi.framework.BundleException: Could not resolve module: org.eclipse.jpt.dbws.eclipselink.core.gen [528]
  Unresolved requirement: Require-Bundle: org.eclipse.persistence.dbws.builder; bundle-version="[2.3.0,3.0.0)"
    -> Bundle-SymbolicName: org.eclipse.persistence.dbws.builder; bundle-version="2.7.1.v20171221-bd47e8f"
       org.eclipse.persistence.dbws.builder [760]
         Unresolved requirement: Import-Package: javax.xml.bind; resolution:="optional"
         Unresolved requirement: Import-Package: org.eclipse.persistence.tools.oracleddl.metadata; version="1.0.0"; resolution:="optional"
         Unresolved requirement: Import-Package: org.eclipse.persistence.tools.oracleddl.metadata.visit; version="1.0.0"; resolution:="optional"
         Unresolved requirement: Import-Package: org.eclipse.persistence.tools.oracleddl.parser; version="1.0.0"; resolution:="optional"
         Unresolved requirement: Import-Package: org.eclipse.persistence.tools.oracleddl.util; version="1.0.0"; resolution:="optional"
         Unresolved requirement: Require-Bundle: org.eclipse.persistence.moxy; bundle-version="2.7.1"
           -> Bundle-SymbolicName: org.eclipse.persistence.moxy; bundle-version="2.7.1.v20171221-bd47e8f"
              org.eclipse.persistence.moxy [763]
                Unresolved requirement: Import-Package: com.sun.xml.bind; resolution:="optional"
                Unresolved requirement: Import-Package: com.sun.xml.bind.annotation; resolution:="optional"
                Unresolved requirement: Import-Package: com.sun.xml.bind.api; resolution:="optional"
                Unresolved requirement: Import-Package: com.sun.xml.bind.api.impl; resolution:="optional"
                Unresolved requirement: Import-Package: com.sun.codemodel; version="[2.2.11,3.0.0)"; resolution:="optional"
                Unresolved requirement: Import-Package: com.sun.xml.xsom; resolution:="optional"
                Unresolved requirement: Import-Package: com.sun.xml.xsom.impl; resolution:="optional"
                Unresolved requirement: Import-Package: com.sun.xml.xsom.impl.parser; resolution:="optional"
                Unresolved requirement: Import-Package: com.sun.tools.xjc; version="[2.2.11,3.0.0)"; resolution:="optional"
                Unresolved requirement: Import-Package: com.sun.tools.xjc.model; version="[2.2.11,3.0.0)"; resolution:="optional"
                Unresolved requirement: Import-Package: com.sun.tools.xjc.outline; version="[2.2.11,3.0.0)"; resolution:="optional"
                Unresolved requirement: Import-Package: javax.json; resolution:="optional"
                Unresolved requirement: Import-Package: javax.json.stream; resolution:="optional"
                Unresolved requirement: Import-Package: javax.validation; version="1.1.0"; resolution:="optional"
                Unresolved requirement: Import-Package: javax.validation.constraints; version="1.1.0"; resolution:="optional"
                Unresolved requirement: Import-Package: javax.validation.groups; version="1.1.0"; resolution:="optional"
                Unresolved requirement: Import-Package: javax.validation.metadata; version="1.1.0"; resolution:="optional"
                Unresolved requirement: Import-Package: javax.ws.rs; version="2.0.1"; resolution:="optional"
                Unresolved requirement: Import-Package: javax.ws.rs.core; version="2.0.1"; resolution:="optional"
                Unresolved requirement: Import-Package: javax.ws.rs.ext; version="2.0.1"; resolution:="optional"
                Unresolved requirement: Import-Package: javax.xml.bind
         Unresolved requirement: Require-Bundle: org.eclipse.persistence.dbws; bundle-version="2.7.1"
           -> Bundle-SymbolicName: org.eclipse.persistence.dbws; bundle-version="2.7.1.v20171221-bd47e8f"
              org.eclipse.persistence.dbws [759]
                Unresolved requirement: Import-Package: javax.ws.rs; version="2.0.1"; resolution:="optional"
                Unresolved requirement: Import-Package: javax.ws.rs.core; version="2.0.1"; resolution:="optional"
                Unresolved requirement: Import-Package: javax.ws.rs.ext; version="2.0.1"; resolution:="optional"
                Unresolved requirement: Import-Package: javax.xml.bind; resolution:="optional"
                Unresolved requirement: Import-Package: javax.xml.bind.annotation; resolution:="optional"
                Unresolved requirement: Import-Package: javax.xml.bind.annotation.adapters; resolution:="optional"
                Unresolved requirement: Require-Bundle: org.eclipse.persistence.moxy; bundle-version="2.7.1"
                  -> Bundle-SymbolicName: org.eclipse.persistence.moxy; bundle-version="2.7.1.v20171221-bd47e8f"
                Unresolved requirement: Import-Package: javax.xml.ws; resolution:="optional"
                  -> Export-Package: javax.xml.ws; bundle-symbolic-name="javax.xml.ws"; bundle-version="2.1.0.v200902101523"; version="2.1.0"
                     javax.xml.ws [981]
                       Unresolved requirement: Import-Package: javax.xml.bind
                Unresolved requirement: Import-Package: javax.xml.ws.handler; resolution:="optional"
                  -> Export-Package: javax.xml.ws.handler; bundle-symbolic-name="javax.xml.ws"; bundle-version="2.1.0.v200902101523"; version="2.1.0"
                Unresolved requirement: Import-Package: javax.xml.ws.soap; resolution:="optional"
                  -> Export-Package: javax.xml.ws.soap; bundle-symbolic-name="javax.xml.ws"; bundle-version="2.1.0.v200902101523"; version="2.1.0"

	at org.eclipse.osgi.container.Module.start(Module.java:447)
	at org.eclipse.osgi.container.ModuleContainer$ContainerStartLevel.incStartLevel(ModuleContainer.java:1685)
	at org.eclipse.osgi.container.ModuleContainer$ContainerStartLevel.incStartLevel(ModuleContainer.java:1664)
	at org.eclipse.osgi.container.ModuleContainer$ContainerStartLevel.doContainerStartLevel(ModuleContainer.java:1627)
	at org.eclipse.osgi.container.ModuleContainer$ContainerStartLevel.dispatchEvent(ModuleContainer.java:1558)
	at org.eclipse.osgi.container.ModuleContainer$ContainerStartLevel.dispatchEvent(ModuleContainer.java:1)
	at org.eclipse.osgi.framework.eventmgr.EventManager.dispatchEvent(EventManager.java:233)
	at org.eclipse.osgi.framework.eventmgr.EventManager$EventThread.run(EventManager.java:343)

!ENTRY org.eclipse.jpt.dbws.eclipselink.ui 4 0 2021-02-27 19:38:52.689
!MESSAGE FrameworkEvent ERROR
!STACK 0
org.osgi.framework.BundleException: Could not resolve module: org.eclipse.jpt.dbws.eclipselink.ui [529]
  Unresolved requirement: Require-Bundle: org.eclipse.jpt.dbws.eclipselink.core.gen; bundle-version="[1.0.0,2.0.0)"
    -> Bundle-SymbolicName: org.eclipse.jpt.dbws.eclipselink.core.gen; bundle-version="1.1.201.v201803012210"; singleton:="true"
       org.eclipse.jpt.dbws.eclipselink.core.gen [528]
         Unresolved requirement: Require-Bundle: org.eclipse.persistence.dbws.builder; bundle-version="[2.3.0,3.0.0)"
           -> Bundle-SymbolicName: org.eclipse.persistence.dbws.builder; bundle-version="2.7.1.v20171221-bd47e8f"
              org.eclipse.persistence.dbws.builder [760]
                Unresolved requirement: Import-Package: javax.xml.bind; resolution:="optional"
                Unresolved requirement: Import-Package: org.eclipse.persistence.tools.oracleddl.metadata; version="1.0.0"; resolution:="optional"
                Unresolved requirement: Import-Package: org.eclipse.persistence.tools.oracleddl.metadata.visit; version="1.0.0"; resolution:="optional"
                Unresolved requirement: Import-Package: org.eclipse.persistence.tools.oracleddl.parser; version="1.0.0"; resolution:="optional"
                Unresolved requirement: Import-Package: org.eclipse.persistence.tools.oracleddl.util; version="1.0.0"; resolution:="optional"
                Unresolved requirement: Require-Bundle: org.eclipse.persistence.moxy; bundle-version="2.7.1"
                  -> Bundle-SymbolicName: org.eclipse.persistence.moxy; bundle-version="2.7.1.v20171221-bd47e8f"
                     org.eclipse.persistence.moxy [763]
                       Unresolved requirement: Import-Package: com.sun.xml.bind; resolution:="optional"
                       Unresolved requirement: Import-Package: com.sun.xml.bind.annotation; resolution:="optional"
                       Unresolved requirement: Import-Package: com.sun.xml.bind.api; resolution:="optional"
                       Unresolved requirement: Import-Package: com.sun.xml.bind.api.impl; resolution:="optional"
                       Unresolved requirement: Import-Package: com.sun.codemodel; version="[2.2.11,3.0.0)"; resolution:="optional"
                       Unresolved requirement: Import-Package: com.sun.xml.xsom; resolution:="optional"
                       Unresolved requirement: Import-Package: com.sun.xml.xsom.impl; resolution:="optional"
                       Unresolved requirement: Import-Package: com.sun.xml.xsom.impl.parser; resolution:="optional"
                       Unresolved requirement: Import-Package: com.sun.tools.xjc; version="[2.2.11,3.0.0)"; resolution:="optional"
                       Unresolved requirement: Import-Package: com.sun.tools.xjc.model; version="[2.2.11,3.0.0)"; resolution:="optional"
                       Unresolved requirement: Import-Package: com.sun.tools.xjc.outline; version="[2.2.11,3.0.0)"; resolution:="optional"
                       Unresolved requirement: Import-Package: javax.json; resolution:="optional"
                       Unresolved requirement: Import-Package: javax.json.stream; resolution:="optional"
                       Unresolved requirement: Import-Package: javax.validation; version="1.1.0"; resolution:="optional"
                       Unresolved requirement: Import-Package: javax.validation.constraints; version="1.1.0"; resolution:="optional"
                       Unresolved requirement: Import-Package: javax.validation.groups; version="1.1.0"; resolution:="optional"
                       Unresolved requirement: Import-Package: javax.validation.metadata; version="1.1.0"; resolution:="optional"
                       Unresolved requirement: Import-Package: javax.ws.rs; version="2.0.1"; resolution:="optional"
                       Unresolved requirement: Import-Package: javax.ws.rs.core; version="2.0.1"; resolution:="optional"
                       Unresolved requirement: Import-Package: javax.ws.rs.ext; version="2.0.1"; resolution:="optional"
                       Unresolved requirement: Import-Package: javax.xml.bind
                Unresolved requirement: Require-Bundle: org.eclipse.persistence.dbws; bundle-version="2.7.1"
                  -> Bundle-SymbolicName: org.eclipse.persistence.dbws; bundle-version="2.7.1.v20171221-bd47e8f"
                     org.eclipse.persistence.dbws [759]
                       Unresolved requirement: Import-Package: javax.ws.rs; version="2.0.1"; resolution:="optional"
                       Unresolved requirement: Import-Package: javax.ws.rs.core; version="2.0.1"; resolution:="optional"
                       Unresolved requirement: Import-Package: javax.ws.rs.ext; version="2.0.1"; resolution:="optional"
                       Unresolved requirement: Import-Package: javax.xml.bind; resolution:="optional"
                       Unresolved requirement: Import-Package: javax.xml.bind.annotation; resolution:="optional"
                       Unresolved requirement: Import-Package: javax.xml.bind.annotation.adapters; resolution:="optional"
                       Unresolved requirement: Require-Bundle: org.eclipse.persistence.moxy; bundle-version="2.7.1"
                         -> Bundle-SymbolicName: org.eclipse.persistence.moxy; bundle-version="2.7.1.v20171221-bd47e8f"
                       Unresolved requirement: Import-Package: javax.xml.ws; resolution:="optional"
                         -> Export-Package: javax.xml.ws; bundle-symbolic-name="javax.xml.ws"; bundle-version="2.1.0.v200902101523"; version="2.1.0"
                            javax.xml.ws [981]
                              Unresolved requirement: Import-Package: javax.xml.bind
                       Unresolved requirement: Import-Package: javax.xml.ws.handler; resolution:="optional"
                         -> Export-Package: javax.xml.ws.handler; bundle-symbolic-name="javax.xml.ws"; bundle-version="2.1.0.v200902101523"; version="2.1.0"
                       Unresolved requirement: Import-Package: javax.xml.ws.soap; resolution:="optional"
                         -> Export-Package: javax.xml.ws.soap; bundle-symbolic-name="javax.xml.ws"; bundle-version="2.1.0.v200902101523"; version="2.1.0"
  Unresolved requirement: Require-Bundle: org.eclipse.persistence.dbws.builder; bundle-version="[2.3.0,3.0.0)"
    -> Bundle-SymbolicName: org.eclipse.persistence.dbws.builder; bundle-version="2.7.1.v20171221-bd47e8f"

	at org.eclipse.osgi.container.Module.start(Module.java:447)
	at org.eclipse.osgi.container.ModuleContainer$ContainerStartLevel.incStartLevel(ModuleContainer.java:1685)
	at org.eclipse.osgi.container.ModuleContainer$ContainerStartLevel.incStartLevel(ModuleContainer.java:1664)
	at org.eclipse.osgi.container.ModuleContainer$ContainerStartLevel.doContainerStartLevel(ModuleContainer.java:1627)
	at org.eclipse.osgi.container.ModuleContainer$ContainerStartLevel.dispatchEvent(ModuleContainer.java:1558)
	at org.eclipse.osgi.container.ModuleContainer$ContainerStartLevel.dispatchEvent(ModuleContainer.java:1)
	at org.eclipse.osgi.framework.eventmgr.EventManager.dispatchEvent(EventManager.java:233)
	at org.eclipse.osgi.framework.eventmgr.EventManager$EventThread.run(EventManager.java:343)

!ENTRY org.eclipse.jpt.jaxb.core.schemagen 4 0 2021-02-27 19:38:52.705
!MESSAGE FrameworkEvent ERROR
!STACK 0
org.osgi.framework.BundleException: Could not resolve module: org.eclipse.jpt.jaxb.core.schemagen [533]
  Unresolved requirement: Import-Package: javax.xml.bind

	at org.eclipse.osgi.container.Module.start(Module.java:447)
	at org.eclipse.osgi.container.ModuleContainer$ContainerStartLevel.incStartLevel(ModuleContainer.java:1685)
	at org.eclipse.osgi.container.ModuleContainer$ContainerStartLevel.incStartLevel(ModuleContainer.java:1664)
	at org.eclipse.osgi.container.ModuleContainer$ContainerStartLevel.doContainerStartLevel(ModuleContainer.java:1627)
	at org.eclipse.osgi.container.ModuleContainer$ContainerStartLevel.dispatchEvent(ModuleContainer.java:1558)
	at org.eclipse.osgi.container.ModuleContainer$ContainerStartLevel.dispatchEvent(ModuleContainer.java:1)
	at org.eclipse.osgi.framework.eventmgr.EventManager.dispatchEvent(EventManager.java:233)
	at org.eclipse.osgi.framework.eventmgr.EventManager$EventThread.run(EventManager.java:343)

!ENTRY org.eclipse.jpt.jaxb.eclipselink.core.schemagen 4 0 2021-02-27 19:38:52.717
!MESSAGE FrameworkEvent ERROR
!STACK 0
org.osgi.framework.BundleException: Could not resolve module: org.eclipse.jpt.jaxb.eclipselink.core.schemagen [536]
  Unresolved requirement: Import-Package: javax.xml.bind

	at org.eclipse.osgi.container.Module.start(Module.java:447)
	at org.eclipse.osgi.container.ModuleContainer$ContainerStartLevel.incStartLevel(ModuleContainer.java:1685)
	at org.eclipse.osgi.container.ModuleContainer$ContainerStartLevel.incStartLevel(ModuleContainer.java:1664)
	at org.eclipse.osgi.container.ModuleContainer$ContainerStartLevel.doContainerStartLevel(ModuleContainer.java:1627)
	at org.eclipse.osgi.container.ModuleContainer$ContainerStartLevel.dispatchEvent(ModuleContainer.java:1558)
	at org.eclipse.osgi.container.ModuleContainer$ContainerStartLevel.dispatchEvent(ModuleContainer.java:1)
	at org.eclipse.osgi.framework.eventmgr.EventManager.dispatchEvent(EventManager.java:233)
	at org.eclipse.osgi.framework.eventmgr.EventManager$EventThread.run(EventManager.java:343)

!ENTRY org.eclipse.mylyn.bugzilla.core 4 0 2021-02-27 19:38:52.735
!MESSAGE FrameworkEvent ERROR
!STACK 0
org.osgi.framework.BundleException: Could not resolve module: org.eclipse.mylyn.bugzilla.core [643]
  Unresolved requirement: Require-Bundle: org.eclipse.mylyn.commons.xmlrpc; bundle-version="[3.8.0,4.0.0)"
    -> Bundle-SymbolicName: org.eclipse.mylyn.commons.xmlrpc; bundle-version="3.24.2.v20180904-2231"; singleton:="true"
       org.eclipse.mylyn.commons.xmlrpc [657]
         Unresolved requirement: Require-Bundle: org.apache.xmlrpc; bundle-version="[3.0.0,4.0.0)"
           -> Bundle-SymbolicName: org.apache.xmlrpc; bundle-version="3.0.0.v20100427-1100"
              org.apache.xmlrpc [88]
                Unresolved requirement: Import-Package: javax.xml.bind
  Unresolved requirement: Require-Bundle: org.apache.xmlrpc
    -> Bundle-SymbolicName: org.apache.xmlrpc; bundle-version="3.0.0.v20100427-1100"

	at org.eclipse.osgi.container.Module.start(Module.java:447)
	at org.eclipse.osgi.container.ModuleContainer$ContainerStartLevel.incStartLevel(ModuleContainer.java:1685)
	at org.eclipse.osgi.container.ModuleContainer$ContainerStartLevel.incStartLevel(ModuleContainer.java:1664)
	at org.eclipse.osgi.container.ModuleContainer$ContainerStartLevel.doContainerStartLevel(ModuleContainer.java:1627)
	at org.eclipse.osgi.container.ModuleContainer$ContainerStartLevel.dispatchEvent(ModuleContainer.java:1558)
	at org.eclipse.osgi.container.ModuleContainer$ContainerStartLevel.dispatchEvent(ModuleContainer.java:1)
	at org.eclipse.osgi.framework.eventmgr.EventManager.dispatchEvent(EventManager.java:233)
	at org.eclipse.osgi.framework.eventmgr.EventManager$EventThread.run(EventManager.java:343)

!ENTRY org.eclipse.mylyn.bugzilla.ui 4 0 2021-02-27 19:38:52.752
!MESSAGE FrameworkEvent ERROR
!STACK 0
org.osgi.framework.BundleException: Could not resolve module: org.eclipse.mylyn.bugzilla.ui [645]
  Unresolved requirement: Require-Bundle: org.eclipse.mylyn.bugzilla.core; bundle-version="[3.8.0,4.0.0)"
    -> Bundle-SymbolicName: org.eclipse.mylyn.bugzilla.core; bundle-version="3.24.2.v20180905-0003"; singleton:="true"
       org.eclipse.mylyn.bugzilla.core [643]
         Unresolved requirement: Require-Bundle: org.eclipse.mylyn.commons.xmlrpc; bundle-version="[3.8.0,4.0.0)"
           -> Bundle-SymbolicName: org.eclipse.mylyn.commons.xmlrpc; bundle-version="3.24.2.v20180904-2231"; singleton:="true"
              org.eclipse.mylyn.commons.xmlrpc [657]
                Unresolved requirement: Require-Bundle: org.apache.xmlrpc; bundle-version="[3.0.0,4.0.0)"
                  -> Bundle-SymbolicName: org.apache.xmlrpc; bundle-version="3.0.0.v20100427-1100"
                     org.apache.xmlrpc [88]
                       Unresolved requirement: Import-Package: javax.xml.bind
         Unresolved requirement: Require-Bundle: org.apache.xmlrpc
           -> Bundle-SymbolicName: org.apache.xmlrpc; bundle-version="3.0.0.v20100427-1100"

	at org.eclipse.osgi.container.Module.start(Module.java:447)
	at org.eclipse.osgi.container.ModuleContainer$ContainerStartLevel.incStartLevel(ModuleContainer.java:1685)
	at org.eclipse.osgi.container.ModuleContainer$ContainerStartLevel.incStartLevel(ModuleContainer.java:1664)
	at org.eclipse.osgi.container.ModuleContainer$ContainerStartLevel.doContainerStartLevel(ModuleContainer.java:1627)
	at org.eclipse.osgi.container.ModuleContainer$ContainerStartLevel.dispatchEvent(ModuleContainer.java:1558)
	at org.eclipse.osgi.container.ModuleContainer$ContainerStartLevel.dispatchEvent(ModuleContainer.java:1)
	at org.eclipse.osgi.framework.eventmgr.EventManager.dispatchEvent(EventManager.java:233)
	at org.eclipse.osgi.framework.eventmgr.EventManager$EventThread.run(EventManager.java:343)

!ENTRY org.eclipse.mylyn.commons.xmlrpc 4 0 2021-02-27 19:38:52.766
!MESSAGE FrameworkEvent ERROR
!STACK 0
org.osgi.framework.BundleException: Could not resolve module: org.eclipse.mylyn.commons.xmlrpc [657]
  Unresolved requirement: Require-Bundle: org.apache.xmlrpc; bundle-version="[3.0.0,4.0.0)"
    -> Bundle-SymbolicName: org.apache.xmlrpc; bundle-version="3.0.0.v20100427-1100"
       org.apache.xmlrpc [88]
         Unresolved requirement: Import-Package: javax.xml.bind

	at org.eclipse.osgi.container.Module.start(Module.java:447)
	at org.eclipse.osgi.container.ModuleContainer$ContainerStartLevel.incStartLevel(ModuleContainer.java:1685)
	at org.eclipse.osgi.container.ModuleContainer$ContainerStartLevel.incStartLevel(ModuleContainer.java:1664)
	at org.eclipse.osgi.container.ModuleContainer$ContainerStartLevel.doContainerStartLevel(ModuleContainer.java:1627)
	at org.eclipse.osgi.container.ModuleContainer$ContainerStartLevel.dispatchEvent(ModuleContainer.java:1558)
	at org.eclipse.osgi.container.ModuleContainer$ContainerStartLevel.dispatchEvent(ModuleContainer.java:1)
	at org.eclipse.osgi.framework.eventmgr.EventManager.dispatchEvent(EventManager.java:233)
	at org.eclipse.osgi.framework.eventmgr.EventManager$EventThread.run(EventManager.java:343)

!ENTRY org.eclipse.jst.ws.cxf.consumption.core 4 0 2021-02-27 19:39:02.986
!MESSAGE FrameworkEvent ERROR
!STACK 0
org.osgi.framework.BundleException: Could not resolve module: org.eclipse.jst.ws.cxf.consumption.core [1014]
  Unresolved requirement: Require-Bundle: org.eclipse.jst.ws.jaxws.core; bundle-version="[1.0.0,1.1.0)"
    -> Bundle-SymbolicName: org.eclipse.jst.ws.jaxws.core; bundle-version="1.0.501.v201806042237"; singleton:="true"
       org.eclipse.jst.ws.jaxws.core [1022]
         Unresolved requirement: Import-Package: javax.xml.ws
           -> Export-Package: javax.xml.ws; bundle-symbolic-name="javax.xml.ws"; bundle-version="2.1.0.v200902101523"; version="2.1.0"
              javax.xml.ws [981]
                Unresolved requirement: Import-Package: javax.xml.bind
  Unresolved requirement: Require-Bundle: org.eclipse.jst.ws.cxf.core; bundle-version="0.4.3"
    -> Bundle-SymbolicName: org.eclipse.jst.ws.cxf.core; bundle-version="1.1.301.v201802222200"; singleton:="true"
       org.eclipse.jst.ws.cxf.core [1016]
         Unresolved requirement: Require-Bundle: org.eclipse.jst.ws.jaxws.ui; bundle-version="[1.0.0,1.1.0)"
           -> Bundle-SymbolicName: org.eclipse.jst.ws.jaxws.ui; bundle-version="1.0.500.v201803011744"; singleton:="true"
              org.eclipse.jst.ws.jaxws.ui [1027]
                Unresolved requirement: Import-Package: javax.xml.ws; version="2.1.0"
                  -> Export-Package: javax.xml.ws; bundle-symbolic-name="javax.xml.ws"; bundle-version="2.1.0.v200902101523"; version="2.1.0"
         Unresolved requirement: Import-Package: javax.xml.ws; version="2.1.0"
           -> Export-Package: javax.xml.ws; bundle-symbolic-name="javax.xml.ws"; bundle-version="2.1.0.v200902101523"; version="2.1.0"
         Unresolved requirement: Require-Bundle: org.eclipse.jst.ws.jaxws.core; bundle-version="[1.0.0,1.1.0)"
           -> Bundle-SymbolicName: org.eclipse.jst.ws.jaxws.core; bundle-version="1.0.501.v201806042237"; singleton:="true"

	at org.eclipse.osgi.container.Module.start(Module.java:447)
	at org.eclipse.osgi.container.ModuleContainer$ContainerStartLevel.incStartLevel(ModuleContainer.java:1685)
	at org.eclipse.osgi.container.ModuleContainer$ContainerStartLevel.incStartLevel(ModuleContainer.java:1664)
	at org.eclipse.osgi.container.ModuleContainer$ContainerStartLevel.doContainerStartLevel(ModuleContainer.java:1627)
	at org.eclipse.osgi.container.ModuleContainer$ContainerStartLevel.dispatchEvent(ModuleContainer.java:1558)
	at org.eclipse.osgi.container.ModuleContainer$ContainerStartLevel.dispatchEvent(ModuleContainer.java:1)
	at org.eclipse.osgi.framework.eventmgr.EventManager.dispatchEvent(EventManager.java:233)
	at org.eclipse.osgi.framework.eventmgr.EventManager$EventThread.run(EventManager.java:343)

!ENTRY org.eclipse.jst.ws.cxf.consumption.ui 4 0 2021-02-27 19:39:03.835
!MESSAGE FrameworkEvent ERROR
!STACK 0
org.osgi.framework.BundleException: Could not resolve module: org.eclipse.jst.ws.cxf.consumption.ui [1015]
  Unresolved requirement: Require-Bundle: org.eclipse.jst.ws.cxf.core; bundle-version="[1.0.0,1.2.0)"
    -> Bundle-SymbolicName: org.eclipse.jst.ws.cxf.core; bundle-version="1.1.301.v201802222200"; singleton:="true"
       org.eclipse.jst.ws.cxf.core [1016]
         Unresolved requirement: Require-Bundle: org.eclipse.jst.ws.jaxws.ui; bundle-version="[1.0.0,1.1.0)"
           -> Bundle-SymbolicName: org.eclipse.jst.ws.jaxws.ui; bundle-version="1.0.500.v201803011744"; singleton:="true"
              org.eclipse.jst.ws.jaxws.ui [1027]
                Unresolved requirement: Import-Package: javax.xml.ws; version="2.1.0"
                  -> Export-Package: javax.xml.ws; bundle-symbolic-name="javax.xml.ws"; bundle-version="2.1.0.v200902101523"; version="2.1.0"
                     javax.xml.ws [981]
                       Unresolved requirement: Import-Package: javax.xml.bind
         Unresolved requirement: Import-Package: javax.xml.ws; version="2.1.0"
           -> Export-Package: javax.xml.ws; bundle-symbolic-name="javax.xml.ws"; bundle-version="2.1.0.v200902101523"; version="2.1.0"
         Unresolved requirement: Require-Bundle: org.eclipse.jst.ws.jaxws.core; bundle-version="[1.0.0,1.1.0)"
           -> Bundle-SymbolicName: org.eclipse.jst.ws.jaxws.core; bundle-version="1.0.501.v201806042237"; singleton:="true"
              org.eclipse.jst.ws.jaxws.core [1022]
                Unresolved requirement: Import-Package: javax.xml.ws
                  -> Export-Package: javax.xml.ws; bundle-symbolic-name="javax.xml.ws"; bundle-version="2.1.0.v200902101523"; version="2.1.0"
  Unresolved requirement: Require-Bundle: org.eclipse.jst.ws.jaxws.core; bundle-version="[1.0.0,1.1.0)"
    -> Bundle-SymbolicName: org.eclipse.jst.ws.jaxws.core; bundle-version="1.0.501.v201806042237"; singleton:="true"
  Unresolved requirement: Require-Bundle: org.eclipse.jst.ws.cxf.ui; bundle-version="[1.0.0,1.1.0)"
    -> Bundle-SymbolicName: org.eclipse.jst.ws.cxf.ui; bundle-version="1.0.301.v201802222200"; singleton:="true"
       org.eclipse.jst.ws.cxf.ui [1020]
         Unresolved requirement: Require-Bundle: org.eclipse.jst.ws.jaxws.core; bundle-version="[1.0.0,1.1.0)"
           -> Bundle-SymbolicName: org.eclipse.jst.ws.jaxws.core; bundle-version="1.0.501.v201806042237"; singleton:="true"
         Unresolved requirement: Require-Bundle: org.eclipse.jst.ws.cxf.core; bundle-version="[1.0.0,1.2.0)"
           -> Bundle-SymbolicName: org.eclipse.jst.ws.cxf.core; bundle-version="1.1.301.v201802222200"; singleton:="true"
  Unresolved requirement: Require-Bundle: org.eclipse.jst.ws.cxf.consumption.core; bundle-version="[1.0.0,1.1.0)"
    -> Bundle-SymbolicName: org.eclipse.jst.ws.cxf.consumption.core; bundle-version="1.0.400.v201802222200"; singleton:="true"
       org.eclipse.jst.ws.cxf.consumption.core [1014]
         Unresolved requirement: Require-Bundle: org.eclipse.jst.ws.jaxws.core; bundle-version="[1.0.0,1.1.0)"
           -> Bundle-SymbolicName: org.eclipse.jst.ws.jaxws.core; bundle-version="1.0.501.v201806042237"; singleton:="true"
         Unresolved requirement: Require-Bundle: org.eclipse.jst.ws.cxf.core; bundle-version="0.4.3"
           -> Bundle-SymbolicName: org.eclipse.jst.ws.cxf.core; bundle-version="1.1.301.v201802222200"; singleton:="true"

	at org.eclipse.osgi.container.Module.start(Module.java:447)
	at org.eclipse.osgi.container.ModuleContainer$ContainerStartLevel.incStartLevel(ModuleContainer.java:1685)
	at org.eclipse.osgi.container.ModuleContainer$ContainerStartLevel.incStartLevel(ModuleContainer.java:1664)
	at org.eclipse.osgi.container.ModuleContainer$ContainerStartLevel.doContainerStartLevel(ModuleContainer.java:1627)
	at org.eclipse.osgi.container.ModuleContainer$ContainerStartLevel.dispatchEvent(ModuleContainer.java:1558)
	at org.eclipse.osgi.container.ModuleContainer$ContainerStartLevel.dispatchEvent(ModuleContainer.java:1)
	at org.eclipse.osgi.framework.eventmgr.EventManager.dispatchEvent(EventManager.java:233)
	at org.eclipse.osgi.framework.eventmgr.EventManager$EventThread.run(EventManager.java:343)

!ENTRY org.eclipse.jst.ws.cxf.core 4 0 2021-02-27 19:39:03.889
!MESSAGE FrameworkEvent ERROR
!STACK 0
org.osgi.framework.BundleException: Could not resolve module: org.eclipse.jst.ws.cxf.core [1016]
  Unresolved requirement: Require-Bundle: org.eclipse.jst.ws.jaxws.ui; bundle-version="[1.0.0,1.1.0)"
    -> Bundle-SymbolicName: org.eclipse.jst.ws.jaxws.ui; bundle-version="1.0.500.v201803011744"; singleton:="true"
       org.eclipse.jst.ws.jaxws.ui [1027]
         Unresolved requirement: Import-Package: javax.xml.ws; version="2.1.0"
           -> Export-Package: javax.xml.ws; bundle-symbolic-name="javax.xml.ws"; bundle-version="2.1.0.v200902101523"; version="2.1.0"
              javax.xml.ws [981]
                Unresolved requirement: Import-Package: javax.xml.bind
  Unresolved requirement: Import-Package: javax.xml.ws; version="2.1.0"
    -> Export-Package: javax.xml.ws; bundle-symbolic-name="javax.xml.ws"; bundle-version="2.1.0.v200902101523"; version="2.1.0"
  Unresolved requirement: Require-Bundle: org.eclipse.jst.ws.jaxws.core; bundle-version="[1.0.0,1.1.0)"
    -> Bundle-SymbolicName: org.eclipse.jst.ws.jaxws.core; bundle-version="1.0.501.v201806042237"; singleton:="true"
       org.eclipse.jst.ws.jaxws.core [1022]
         Unresolved requirement: Import-Package: javax.xml.ws
           -> Export-Package: javax.xml.ws; bundle-symbolic-name="javax.xml.ws"; bundle-version="2.1.0.v200902101523"; version="2.1.0"

	at org.eclipse.osgi.container.Module.start(Module.java:447)
	at org.eclipse.osgi.container.ModuleContainer$ContainerStartLevel.incStartLevel(ModuleContainer.java:1685)
	at org.eclipse.osgi.container.ModuleContainer$ContainerStartLevel.incStartLevel(ModuleContainer.java:1664)
	at org.eclipse.osgi.container.ModuleContainer$ContainerStartLevel.doContainerStartLevel(ModuleContainer.java:1627)
	at org.eclipse.osgi.container.ModuleContainer$ContainerStartLevel.dispatchEvent(ModuleContainer.java:1558)
	at org.eclipse.osgi.container.ModuleContainer$ContainerStartLevel.dispatchEvent(ModuleContainer.java:1)
	at org.eclipse.osgi.framework.eventmgr.EventManager.dispatchEvent(EventManager.java:233)
	at org.eclipse.osgi.framework.eventmgr.EventManager$EventThread.run(EventManager.java:343)

!ENTRY org.eclipse.jst.ws.cxf.creation.core 4 0 2021-02-27 19:39:04.149
!MESSAGE FrameworkEvent ERROR
!STACK 0
org.osgi.framework.BundleException: Could not resolve module: org.eclipse.jst.ws.cxf.creation.core [1017]
  Unresolved requirement: Require-Bundle: org.eclipse.jst.ws.jaxws.core; bundle-version="[1.0.0,1.1.0)"
    -> Bundle-SymbolicName: org.eclipse.jst.ws.jaxws.core; bundle-version="1.0.501.v201806042237"; singleton:="true"
       org.eclipse.jst.ws.jaxws.core [1022]
         Unresolved requirement: Import-Package: javax.xml.ws
           -> Export-Package: javax.xml.ws; bundle-symbolic-name="javax.xml.ws"; bundle-version="2.1.0.v200902101523"; version="2.1.0"
              javax.xml.ws [981]
                Unresolved requirement: Import-Package: javax.xml.bind
  Unresolved requirement: Require-Bundle: org.eclipse.jst.ws.cxf.core; bundle-version="[1.0.0,1.2.0)"
    -> Bundle-SymbolicName: org.eclipse.jst.ws.cxf.core; bundle-version="1.1.301.v201802222200"; singleton:="true"
       org.eclipse.jst.ws.cxf.core [1016]
         Unresolved requirement: Require-Bundle: org.eclipse.jst.ws.jaxws.ui; bundle-version="[1.0.0,1.1.0)"
           -> Bundle-SymbolicName: org.eclipse.jst.ws.jaxws.ui; bundle-version="1.0.500.v201803011744"; singleton:="true"
              org.eclipse.jst.ws.jaxws.ui [1027]
                Unresolved requirement: Import-Package: javax.xml.ws; version="2.1.0"
                  -> Export-Package: javax.xml.ws; bundle-symbolic-name="javax.xml.ws"; bundle-version="2.1.0.v200902101523"; version="2.1.0"
         Unresolved requirement: Import-Package: javax.xml.ws; version="2.1.0"
           -> Export-Package: javax.xml.ws; bundle-symbolic-name="javax.xml.ws"; bundle-version="2.1.0.v200902101523"; version="2.1.0"
         Unresolved requirement: Require-Bundle: org.eclipse.jst.ws.jaxws.core; bundle-version="[1.0.0,1.1.0)"
           -> Bundle-SymbolicName: org.eclipse.jst.ws.jaxws.core; bundle-version="1.0.501.v201806042237"; singleton:="true"

	at org.eclipse.osgi.container.Module.start(Module.java:447)
	at org.eclipse.osgi.container.ModuleContainer$ContainerStartLevel.incStartLevel(ModuleContainer.java:1685)
	at org.eclipse.osgi.container.ModuleContainer$ContainerStartLevel.incStartLevel(ModuleContainer.java:1664)
	at org.eclipse.osgi.container.ModuleContainer$ContainerStartLevel.doContainerStartLevel(ModuleContainer.java:1627)
	at org.eclipse.osgi.container.ModuleContainer$ContainerStartLevel.dispatchEvent(ModuleContainer.java:1558)
	at org.eclipse.osgi.container.ModuleContainer$ContainerStartLevel.dispatchEvent(ModuleContainer.java:1)
	at org.eclipse.osgi.framework.eventmgr.EventManager.dispatchEvent(EventManager.java:233)
	at org.eclipse.osgi.framework.eventmgr.EventManager$EventThread.run(EventManager.java:343)

!ENTRY org.eclipse.jst.ws.cxf.creation.ui 4 0 2021-02-27 19:39:04.249
!MESSAGE FrameworkEvent ERROR
!STACK 0
org.osgi.framework.BundleException: Could not resolve module: org.eclipse.jst.ws.cxf.creation.ui [1018]
  Unresolved requirement: Require-Bundle: org.eclipse.jst.ws.cxf.creation.core; bundle-version="[1.0.0,1.1.0)"
    -> Bundle-SymbolicName: org.eclipse.jst.ws.cxf.creation.core; bundle-version="1.0.500.v201802222200"
       org.eclipse.jst.ws.cxf.creation.core [1017]
         Unresolved requirement: Require-Bundle: org.eclipse.jst.ws.jaxws.core; bundle-version="[1.0.0,1.1.0)"
           -> Bundle-SymbolicName: org.eclipse.jst.ws.jaxws.core; bundle-version="1.0.501.v201806042237"; singleton:="true"
              org.eclipse.jst.ws.jaxws.core [1022]
                Unresolved requirement: Import-Package: javax.xml.ws
                  -> Export-Package: javax.xml.ws; bundle-symbolic-name="javax.xml.ws"; bundle-version="2.1.0.v200902101523"; version="2.1.0"
                     javax.xml.ws [981]
                       Unresolved requirement: Import-Package: javax.xml.bind
         Unresolved requirement: Require-Bundle: org.eclipse.jst.ws.cxf.core; bundle-version="[1.0.0,1.2.0)"
           -> Bundle-SymbolicName: org.eclipse.jst.ws.cxf.core; bundle-version="1.1.301.v201802222200"; singleton:="true"
              org.eclipse.jst.ws.cxf.core [1016]
                Unresolved requirement: Require-Bundle: org.eclipse.jst.ws.jaxws.ui; bundle-version="[1.0.0,1.1.0)"
                  -> Bundle-SymbolicName: org.eclipse.jst.ws.jaxws.ui; bundle-version="1.0.500.v201803011744"; singleton:="true"
                     org.eclipse.jst.ws.jaxws.ui [1027]
                       Unresolved requirement: Import-Package: javax.xml.ws; version="2.1.0"
                         -> Export-Package: javax.xml.ws; bundle-symbolic-name="javax.xml.ws"; bundle-version="2.1.0.v200902101523"; version="2.1.0"
                Unresolved requirement: Import-Package: javax.xml.ws; version="2.1.0"
                  -> Export-Package: javax.xml.ws; bundle-symbolic-name="javax.xml.ws"; bundle-version="2.1.0.v200902101523"; version="2.1.0"
                Unresolved requirement: Require-Bundle: org.eclipse.jst.ws.jaxws.core; bundle-version="[1.0.0,1.1.0)"
                  -> Bundle-SymbolicName: org.eclipse.jst.ws.jaxws.core; bundle-version="1.0.501.v201806042237"; singleton:="true"
  Unresolved requirement: Require-Bundle: org.eclipse.jst.ws.cxf.consumption.ui; bundle-version="[1.0.0,1.1.0)"
    -> Bundle-SymbolicName: org.eclipse.jst.ws.cxf.consumption.ui; bundle-version="1.0.400.v201802222200"; singleton:="true"
       org.eclipse.jst.ws.cxf.consumption.ui [1015]
         Unresolved requirement: Require-Bundle: org.eclipse.jst.ws.cxf.core; bundle-version="[1.0.0,1.2.0)"
           -> Bundle-SymbolicName: org.eclipse.jst.ws.cxf.core; bundle-version="1.1.301.v201802222200"; singleton:="true"
         Unresolved requirement: Require-Bundle: org.eclipse.jst.ws.cxf.ui; bundle-version="[1.0.0,1.1.0)"
           -> Bundle-SymbolicName: org.eclipse.jst.ws.cxf.ui; bundle-version="1.0.301.v201802222200"; singleton:="true"
              org.eclipse.jst.ws.cxf.ui [1020]
                Unresolved requirement: Require-Bundle: org.eclipse.jst.ws.jaxws.core; bundle-version="[1.0.0,1.1.0)"
                  -> Bundle-SymbolicName: org.eclipse.jst.ws.jaxws.core; bundle-version="1.0.501.v201806042237"; singleton:="true"
                Unresolved requirement: Require-Bundle: org.eclipse.jst.ws.cxf.core; bundle-version="[1.0.0,1.2.0)"
                  -> Bundle-SymbolicName: org.eclipse.jst.ws.cxf.core; bundle-version="1.1.301.v201802222200"; singleton:="true"
         Unresolved requirement: Require-Bundle: org.eclipse.jst.ws.cxf.consumption.core; bundle-version="[1.0.0,1.1.0)"
           -> Bundle-SymbolicName: org.eclipse.jst.ws.cxf.consumption.core; bundle-version="1.0.400.v201802222200"; singleton:="true"
              org.eclipse.jst.ws.cxf.consumption.core [1014]
                Unresolved requirement: Require-Bundle: org.eclipse.jst.ws.jaxws.core; bundle-version="[1.0.0,1.1.0)"
                  -> Bundle-SymbolicName: org.eclipse.jst.ws.jaxws.core; bundle-version="1.0.501.v201806042237"; singleton:="true"
                Unresolved requirement: Require-Bundle: org.eclipse.jst.ws.cxf.core; bundle-version="0.4.3"
                  -> Bundle-SymbolicName: org.eclipse.jst.ws.cxf.core; bundle-version="1.1.301.v201802222200"; singleton:="true"
  Unresolved requirement: Require-Bundle: org.eclipse.jst.ws.cxf.ui; bundle-version="[1.0.0,1.1.0)"
    -> Bundle-SymbolicName: org.eclipse.jst.ws.cxf.ui; bundle-version="1.0.301.v201802222200"; singleton:="true"
  Unresolved requirement: Require-Bundle: org.eclipse.jst.ws.jaxws.core; bundle-version="[1.0.0,1.1.0)"
    -> Bundle-SymbolicName: org.eclipse.jst.ws.jaxws.core; bundle-version="1.0.501.v201806042237"; singleton:="true"
  Unresolved requirement: Require-Bundle: org.eclipse.jst.ws.cxf.core; bundle-version="[1.0.0,1.2.0)"
    -> Bundle-SymbolicName: org.eclipse.jst.ws.cxf.core; bundle-version="1.1.301.v201802222200"; singleton:="true"

	at org.eclipse.osgi.container.Module.start(Module.java:447)
	at org.eclipse.osgi.container.ModuleContainer$ContainerStartLevel.incStartLevel(ModuleContainer.java:1685)
	at org.eclipse.osgi.container.ModuleContainer$ContainerStartLevel.incStartLevel(ModuleContainer.java:1664)
	at org.eclipse.osgi.container.ModuleContainer$ContainerStartLevel.doContainerStartLevel(ModuleContainer.java:1627)
	at org.eclipse.osgi.container.ModuleContainer$ContainerStartLevel.dispatchEvent(ModuleContainer.java:1558)
	at org.eclipse.osgi.container.ModuleContainer$ContainerStartLevel.dispatchEvent(ModuleContainer.java:1)
	at org.eclipse.osgi.framework.eventmgr.EventManager.dispatchEvent(EventManager.java:233)
	at org.eclipse.osgi.framework.eventmgr.EventManager$EventThread.run(EventManager.java:343)

!ENTRY org.eclipse.jst.ws.cxf.ui 4 0 2021-02-27 19:39:04.379
!MESSAGE FrameworkEvent ERROR
!STACK 0
org.osgi.framework.BundleException: Could not resolve module: org.eclipse.jst.ws.cxf.ui [1020]
  Unresolved requirement: Require-Bundle: org.eclipse.jst.ws.jaxws.core; bundle-version="[1.0.0,1.1.0)"
    -> Bundle-SymbolicName: org.eclipse.jst.ws.jaxws.core; bundle-version="1.0.501.v201806042237"; singleton:="true"
       org.eclipse.jst.ws.jaxws.core [1022]
         Unresolved requirement: Import-Package: javax.xml.ws
           -> Export-Package: javax.xml.ws; bundle-symbolic-name="javax.xml.ws"; bundle-version="2.1.0.v200902101523"; version="2.1.0"
              javax.xml.ws [981]
                Unresolved requirement: Import-Package: javax.xml.bind
  Unresolved requirement: Require-Bundle: org.eclipse.jst.ws.cxf.core; bundle-version="[1.0.0,1.2.0)"
    -> Bundle-SymbolicName: org.eclipse.jst.ws.cxf.core; bundle-version="1.1.301.v201802222200"; singleton:="true"
       org.eclipse.jst.ws.cxf.core [1016]
         Unresolved requirement: Require-Bundle: org.eclipse.jst.ws.jaxws.ui; bundle-version="[1.0.0,1.1.0)"
           -> Bundle-SymbolicName: org.eclipse.jst.ws.jaxws.ui; bundle-version="1.0.500.v201803011744"; singleton:="true"
              org.eclipse.jst.ws.jaxws.ui [1027]
                Unresolved requirement: Import-Package: javax.xml.ws; version="2.1.0"
                  -> Export-Package: javax.xml.ws; bundle-symbolic-name="javax.xml.ws"; bundle-version="2.1.0.v200902101523"; version="2.1.0"
         Unresolved requirement: Import-Package: javax.xml.ws; version="2.1.0"
           -> Export-Package: javax.xml.ws; bundle-symbolic-name="javax.xml.ws"; bundle-version="2.1.0.v200902101523"; version="2.1.0"
         Unresolved requirement: Require-Bundle: org.eclipse.jst.ws.jaxws.core; bundle-version="[1.0.0,1.1.0)"
           -> Bundle-SymbolicName: org.eclipse.jst.ws.jaxws.core; bundle-version="1.0.501.v201806042237"; singleton:="true"

	at org.eclipse.osgi.container.Module.start(Module.java:447)
	at org.eclipse.osgi.container.ModuleContainer$ContainerStartLevel.incStartLevel(ModuleContainer.java:1685)
	at org.eclipse.osgi.container.ModuleContainer$ContainerStartLevel.incStartLevel(ModuleContainer.java:1664)
	at org.eclipse.osgi.container.ModuleContainer$ContainerStartLevel.doContainerStartLevel(ModuleContainer.java:1627)
	at org.eclipse.osgi.container.ModuleContainer$ContainerStartLevel.dispatchEvent(ModuleContainer.java:1558)
	at org.eclipse.osgi.container.ModuleContainer$ContainerStartLevel.dispatchEvent(ModuleContainer.java:1)
	at org.eclipse.osgi.framework.eventmgr.EventManager.dispatchEvent(EventManager.java:233)
	at org.eclipse.osgi.framework.eventmgr.EventManager$EventThread.run(EventManager.java:343)

!ENTRY org.eclipse.jst.ws.jaxws.core 4 0 2021-02-27 19:39:04.627
!MESSAGE FrameworkEvent ERROR
!STACK 0
org.osgi.framework.BundleException: Could not resolve module: org.eclipse.jst.ws.jaxws.core [1022]
  Unresolved requirement: Import-Package: javax.xml.ws.http
    -> Export-Package: javax.xml.ws.http; bundle-symbolic-name="javax.xml.ws"; bundle-version="2.1.0.v200902101523"; version="2.1.0"
       javax.xml.ws [981]
         Unresolved requirement: Import-Package: javax.xml.bind
  Unresolved requirement: Import-Package: javax.xml.ws
    -> Export-Package: javax.xml.ws; bundle-symbolic-name="javax.xml.ws"; bundle-version="2.1.0.v200902101523"; version="2.1.0"

	at org.eclipse.osgi.container.Module.start(Module.java:447)
	at org.eclipse.osgi.container.ModuleContainer$ContainerStartLevel.incStartLevel(ModuleContainer.java:1685)
	at org.eclipse.osgi.container.ModuleContainer$ContainerStartLevel.incStartLevel(ModuleContainer.java:1664)
	at org.eclipse.osgi.container.ModuleContainer$ContainerStartLevel.doContainerStartLevel(ModuleContainer.java:1627)
	at org.eclipse.osgi.container.ModuleContainer$ContainerStartLevel.dispatchEvent(ModuleContainer.java:1558)
	at org.eclipse.osgi.container.ModuleContainer$ContainerStartLevel.dispatchEvent(ModuleContainer.java:1)
	at org.eclipse.osgi.framework.eventmgr.EventManager.dispatchEvent(EventManager.java:233)
	at org.eclipse.osgi.framework.eventmgr.EventManager$EventThread.run(EventManager.java:343)

!ENTRY org.eclipse.jst.ws.jaxws.ui 4 0 2021-02-27 19:39:04.728
!MESSAGE FrameworkEvent ERROR
!STACK 0
org.osgi.framework.BundleException: Could not resolve module: org.eclipse.jst.ws.jaxws.ui [1027]
  Unresolved requirement: Import-Package: javax.xml.ws; version="2.1.0"
    -> Export-Package: javax.xml.ws; bundle-symbolic-name="javax.xml.ws"; bundle-version="2.1.0.v200902101523"; version="2.1.0"
       javax.xml.ws [981]
         Unresolved requirement: Import-Package: javax.xml.bind
  Unresolved requirement: Import-Package: javax.xml.ws.http; version="2.1.0"
    -> Export-Package: javax.xml.ws.http; bundle-symbolic-name="javax.xml.ws"; bundle-version="2.1.0.v200902101523"; version="2.1.0"

	at org.eclipse.osgi.container.Module.start(Module.java:447)
	at org.eclipse.osgi.container.ModuleContainer$ContainerStartLevel.incStartLevel(ModuleContainer.java:1685)
	at org.eclipse.osgi.container.ModuleContainer$ContainerStartLevel.incStartLevel(ModuleContainer.java:1664)
	at org.eclipse.osgi.container.ModuleContainer$ContainerStartLevel.doContainerStartLevel(ModuleContainer.java:1627)
	at org.eclipse.osgi.container.ModuleContainer$ContainerStartLevel.dispatchEvent(ModuleContainer.java:1558)
	at org.eclipse.osgi.container.ModuleContainer$ContainerStartLevel.dispatchEvent(ModuleContainer.java:1)
	at org.eclipse.osgi.framework.eventmgr.EventManager.dispatchEvent(EventManager.java:233)
	at org.eclipse.osgi.framework.eventmgr.EventManager$EventThread.run(EventManager.java:343)
